0.0 lux 10.6640625 °C 12.247647058823532 _C -9.521740002441407 xmps -1.6041151123046875 ymps 1.678335363769531zmps -0.15267175572519084 xdps -4.793893129770993 ydps 0.17557251908396945zdps
0.0 lux 10.6640625 °C 12.341764705882355 _C -9.45470235595703 xmps -1.5538368774414062 ymps 1.66636435546875zmps -0.25190839694656486 xdps -4.870229007633588 ydps -0.022900763358778626zdps
0.0 lux 10.6640625 °C 12.341764705882355 _C -9.504980590820312 xmps -1.446097802734375 ymps 1.7429788085937499zmps -0.183206106870229 xdps -4.961832061068702 ydps 0.10687022900763359zdps
0.0 lux 10.6640625 °C 12.294705882352943 _C -9.528922607421874 xmps -1.5155296508789062 ymps 1.66636435546875zmps -0.2595419847328244 xdps -4.885496183206107 ydps 0.1450381679389313zdps
0.0 lux 10.6640625 °C 12.247647058823532 _C -9.481038574218749 xmps -1.5490484741210937 ymps 1.7310078002929687zmps -0.2366412213740458 xdps -5.0 ydps 0.0916030534351145zdps
0.0 lux 10.6640625 °C 12.341764705882355 _C -9.514557397460937 xmps -1.484405029296875 ymps 1.7549498168945312zmps -0.13740458015267176 xdps -4.816793893129771 ydps 0.16030534351145037zdps
0.0 lux 10.6640625 °C 12.341764705882355 _C -9.53131680908203 xmps -1.5298948608398437 ymps 1.8459294799804686zmps -0.10687022900763359 xdps -4.961832061068702 ydps -0.06870229007633588zdps
0.0 lux 10.6640625 °C 12.294705882352943 _C -9.452308154296874 xmps -1.5131354492187499 ymps 1.8291700683593748zmps -0.1297709923664122 xdps -4.709923664122138 ydps -0.04580152671755725zdps
0.0 lux 10.6640625 °C 12.388823529411766 _C -9.595960253906249 xmps -1.5490484741210937 ymps 1.7190367919921874zmps -0.1450381679389313 xdps -4.877862595419847 ydps 0.10687022900763359zdps
0.0 lux 10.6640625 °C 12.435882352941178 _C -9.516951599121093 xmps -1.5275006591796874 ymps 1.68551796875zmps -0.16030534351145037 xdps -4.908396946564886 ydps 0.2824427480916031zdps
0.0 lux 10.6640625 °C 12.341764705882355 _C -9.497797985839844 xmps -1.5011644409179687 ymps 1.6998831787109374zmps -0.3435114503816794 xdps -4.694656488549619 ydps 0.17557251908396945zdps
0.0 lux 10.6640625 °C 12.341764705882355 _C -9.490615380859374 xmps -1.5059528442382812 ymps 1.7525556152343749zmps -0.15267175572519084 xdps -4.916030534351145 ydps 0.06870229007633588zdps
0.0 lux 10.6640625 °C 12.388823529411766 _C -9.519345800781249 xmps -1.5346832641601562 ymps 1.6424223388671875zmps -0.3282442748091603 xdps -5.030534351145038 ydps 0.22900763358778625zdps
0.0 lux 10.6640625 °C 12.294705882352943 _C -9.512163195800781 xmps -1.4724340209960938 ymps 1.6903063720703124zmps -0.25190839694656486 xdps -5.030534351145038 ydps -0.007633587786259542zdps
0.0 lux 10.6640625 °C 12.341764705882355 _C -9.504980590820312 xmps -1.419761584472656 ymps 1.68551796875zmps -0.20610687022900764 xdps -4.755725190839694 ydps 0.06870229007633588zdps
0.0 lux 10.6640625 °C 12.294705882352943 _C -9.636661682128906 xmps -1.4413093994140624 ymps 1.7501614135742187zmps -0.25190839694656486 xdps -5.022900763358779 ydps 0.007633587786259542zdps
0.0 lux 10.6640625 °C 12.341764705882355 _C -9.495403784179686 xmps -1.4724340209960938 ymps 1.637633935546875zmps -0.20610687022900764 xdps -4.778625954198473 ydps 0.12213740458015267zdps
0.0 lux 10.6640625 °C 12.341764705882355 _C -9.562441430664062 xmps -1.4867992309570313 ymps 1.7190367919921874zmps -0.22137404580152673 xdps -4.961832061068702 ydps 0.03816793893129771zdps
0.0 lux 10.6640625 °C 12.388823529411766 _C -9.53131680908203 xmps -1.4508862060546874 ymps 1.6998831787109374zmps -0.25190839694656486 xdps -4.961832061068702 ydps 0.17557251908396945zdps
0.0 lux 10.6640625 °C 12.435882352941178 _C -9.481038574218749 xmps -1.4939818359375 ymps 1.7669208251953124zmps -0.12213740458015267 xdps -4.770992366412214 ydps 0.015267175572519083zdps
0.0 lux 10.6640625 °C 12.435882352941178 _C -9.581595043945311 xmps -1.5442600708007812 ymps 1.7166425903320313zmps -0.2824427480916031 xdps -5.030534351145038 ydps 0.10687022900763359zdps
0.0 lux 10.6640625 °C 12.294705882352943 _C -9.457096557617186 xmps -1.5298948608398437 ymps 1.8363526733398436zmps -0.21374045801526717 xdps -4.9465648854961835 ydps -0.06870229007633588zdps
0.0 lux 10.6640625 °C 12.388823529411766 _C -9.526528405761718 xmps -1.458068811035156 ymps 1.8028338500976562zmps -0.11450381679389313 xdps -4.923664122137405 ydps 0.3053435114503817zdps
0.0 lux 10.6640625 °C 12.341764705882355 _C -9.576806640625 xmps -1.5035586425781249 ymps 1.659181750488281zmps -0.15267175572519084 xdps -4.931297709923665 ydps 0.10687022900763359zdps
0.0 lux 10.6640625 °C 12.341764705882355 _C -9.53131680908203 xmps -1.4963760375976562 ymps 1.6472107421875zmps -0.15267175572519084 xdps -4.984732824427481 ydps 0.04580152671755725zdps
0.0 lux 10.6640625 °C 12.294705882352943 _C -9.579200842285156 xmps -1.599326708984375 ymps 1.6711527587890624zmps -0.25190839694656486 xdps -4.923664122137405 ydps -0.0916030534351145zdps
0.0 lux 10.6640625 °C 12.388823529411766 _C -9.459490759277344 xmps -1.4867992309570313 ymps 1.7597382202148437zmps -0.1450381679389313 xdps -4.862595419847328 ydps 0.25190839694656486zdps
0.0 lux 10.65625 °C 12.388823529411766 _C -9.576806640625 xmps -1.5131354492187499 ymps 1.6160861206054686zmps -0.183206106870229 xdps -4.763358778625954 ydps 0.183206106870229zdps
0.0 lux 10.65625 °C 12.294705882352943 _C -9.495403784179686 xmps -1.5011644409179687 ymps 1.8076222534179687zmps -0.1984732824427481 xdps -4.732824427480916 ydps 0.061068702290076333zdps
0.0 lux 10.65625 °C 12.341764705882355 _C -9.552864624023437 xmps -1.4891934326171874 ymps 1.8650830932617186zmps -0.2595419847328244 xdps -4.984732824427481 ydps 0.3282442748091603zdps
0.0 lux 10.65625 °C 12.341764705882355 _C -9.516951599121093 xmps -1.5298948608398437 ymps 1.8052280517578123zmps -0.29770992366412213 xdps -4.938931297709924 ydps 0.19083969465648856zdps
0.0 lux 10.65625 °C 12.341764705882355 _C -9.519345800781249 xmps -1.5610194824218748 ymps 1.7453730102539062zmps -0.04580152671755725 xdps -4.732824427480916 ydps 0.1297709923664122zdps
0.0 lux 10.65625 °C 12.247647058823532 _C -9.528922607421874 xmps -1.5322890624999999 ymps 1.6639701538085936zmps -0.20610687022900764 xdps -4.8320610687022905 ydps 0.25190839694656486zdps
0.0 lux 10.65625 °C 12.341764705882355 _C -9.567229833984374 xmps -1.5610194824218748 ymps 1.7884686401367187zmps -0.20610687022900764 xdps -5.061068702290076 ydps -0.061068702290076333zdps
0.0 lux 10.65625 °C 12.341764705882355 _C -9.586383447265625 xmps -1.5610194824218748 ymps 1.6472107421875zmps -0.07633587786259542 xdps -5.061068702290076 ydps -0.015267175572519083zdps
0.0 lux 10.65625 °C 12.341764705882355 _C -9.49300958251953 xmps -1.5227122558593749 ymps 1.68551796875zmps -0.2748091603053435 xdps -4.916030534351145 ydps 0.16030534351145037zdps
0.0 lux 10.65625 °C 12.341764705882355 _C -9.485826977539062 xmps -1.484405029296875 ymps 1.7788918334960937zmps -0.1984732824427481 xdps -4.8320610687022905 ydps 0.21374045801526717zdps
0.0 lux 10.65625 °C 12.294705882352943 _C -9.476250170898437 xmps -1.4437036010742186 ymps 1.8746598999023436zmps -0.17557251908396945 xdps -4.770992366412214 ydps 0.2900763358778626zdps
0.0 lux 10.65625 °C 12.341764705882355 _C -9.49300958251953 xmps -1.5227122558593749 ymps 1.8124106567382812zmps -0.007633587786259542 xdps -4.923664122137405 ydps 0.09923664122137404zdps
0.0 lux 10.65625 °C 12.435882352941178 _C -9.545682019042967 xmps -1.5035586425781249 ymps 1.7453730102539062zmps -0.20610687022900764 xdps -4.916030534351145 ydps 0.1984732824427481zdps
0.0 lux 10.65625 °C 12.294705882352943 _C -9.56962403564453 xmps -1.5394716674804687 ymps 1.7262193969726563zmps -0.22900763358778625 xdps -4.824427480916031 ydps 0.2748091603053435zdps
0.0 lux 10.65625 °C 12.341764705882355 _C -9.555258825683593 xmps -1.5538368774414062 ymps 1.5897499023437498zmps -0.44274809160305345 xdps -4.961832061068702 ydps 0.20610687022900764zdps
0.0 lux 10.6484375 °C 12.341764705882355 _C -9.507374792480467 xmps -1.5346832641601562 ymps 1.687912170410156zmps -0.21374045801526717 xdps -4.8320610687022905 ydps 0.20610687022900764zdps
0.0 lux 10.6484375 °C 12.247647058823532 _C -9.581595043945311 xmps -1.5059528442382812 ymps 1.7645266235351562zmps -0.16030534351145037 xdps -5.0 ydps 0.05343511450381679zdps
0.0 lux 10.6484375 °C 12.247647058823532 _C -9.526528405761718 xmps -1.5394716674804687 ymps 1.7238251953125zmps -0.3053435114503817 xdps -5.1603053435114505 ydps -0.16030534351145037zdps
0.0 lux 10.6484375 °C 12.341764705882355 _C -9.528922607421874 xmps -1.5466542724609373 ymps 1.7453730102539062zmps -0.1297709923664122 xdps -4.877862595419847 ydps 0.22137404580152673zdps
0.0 lux 10.6484375 °C 12.294705882352943 _C -9.567229833984374 xmps -1.4724340209960938 ymps 1.7812860351562498zmps -0.061068702290076333 xdps -4.961832061068702 ydps 0.366412213740458zdps
0.0 lux 10.6484375 °C 12.341764705882355 _C -9.488221179199218 xmps -1.5227122558593749 ymps 1.7788918334960937zmps -0.19083969465648856 xdps -5.076335877862595 ydps 0.366412213740458zdps
0.0 lux 10.6484375 °C 12.294705882352943 _C -9.509768994140625 xmps -1.5466542724609373 ymps 1.599326708984375zmps -0.1984732824427481 xdps -4.984732824427481 ydps 0.1984732824427481zdps
0.0 lux 10.6484375 °C 12.294705882352943 _C -9.526528405761718 xmps -1.5394716674804687 ymps 1.6711527587890624zmps -0.16030534351145037 xdps -4.824427480916031 ydps 0.15267175572519084zdps
0.0 lux 10.6484375 °C 12.341764705882355 _C -9.521740002441407 xmps -1.4437036010742186 ymps 1.7022773803710936zmps -0.2748091603053435 xdps -4.877862595419847 ydps 0.11450381679389313zdps
0.0 lux 10.6484375 °C 12.294705882352943 _C -9.543287817382812 xmps -1.5179238525390624 ymps 1.659181750488281zmps -0.16793893129770993 xdps -4.885496183206107 ydps -0.015267175572519083zdps
0.0 lux 10.6484375 °C 12.341764705882355 _C -9.557653027343749 xmps -1.5538368774414062 ymps 1.7381904052734374zmps -0.17557251908396945 xdps -4.931297709923665 ydps 0.15267175572519084zdps
0.0 lux 10.6484375 °C 12.388823529411766 _C -9.53131680908203 xmps -1.4820108276367188 ymps 1.7334020019531249zmps -0.29770992366412213 xdps -4.702290076335878 ydps 0.366412213740458zdps
0.0 lux 10.6484375 °C 12.247647058823532 _C -9.502586389160156 xmps -1.467645617675781 ymps 1.6472107421875zmps -0.03816793893129771 xdps -4.854961832061068 ydps 0.2824427480916031zdps
0.0 lux 10.6484375 °C 12.388823529411766 _C -9.555258825683593 xmps -1.5035586425781249 ymps 1.7286135986328124zmps -0.16793893129770993 xdps -4.763358778625954 ydps 0.13740458015267176zdps
0.0 lux 10.6484375 °C 12.294705882352943 _C -9.5384994140625 xmps -1.4317325927734375 ymps 1.6424223388671875zmps -0.25190839694656486 xdps -4.916030534351145 ydps 0.022900763358778626zdps
0.0 lux 10.6484375 °C 12.435882352941178 _C -9.53131680908203 xmps -1.5227122558593749 ymps 1.7166425903320313zmps -0.22900763358778625 xdps -4.99236641221374 ydps -0.21374045801526717zdps
0.0 lux 10.6484375 °C 12.341764705882355 _C -9.502586389160156 xmps -1.5179238525390624 ymps 1.6304513305664061zmps -0.015267175572519083 xdps -4.885496183206107 ydps 0.19083969465648856zdps
0.0 lux 10.6484375 °C 12.388823529411766 _C -9.543287817382812 xmps -1.5346832641601562 ymps 1.675941162109375zmps -0.3435114503816794 xdps -4.854961832061068 ydps 0.09923664122137404zdps
0.0 lux 10.6484375 °C 12.341764705882355 _C -9.481038574218749 xmps -1.5777788940429687 ymps 1.7884686401367187zmps -0.16793893129770993 xdps -4.748091603053435 ydps 0.1984732824427481zdps
0.0 lux 10.6484375 °C 12.294705882352943 _C -9.533711010742186 xmps -1.484405029296875 ymps 1.7429788085937499zmps -0.19083969465648856 xdps -4.916030534351145 ydps -0.030534351145038167zdps
0.0 lux 10.6484375 °C 12.341764705882355 _C -9.564835632324218 xmps -1.5729904907226562 ymps 1.8243816650390623zmps -0.3282442748091603 xdps -4.854961832061068 ydps -0.030534351145038167zdps
0.0 lux 10.6484375 °C 12.435882352941178 _C -9.478644372558593 xmps -1.6232687255859375 ymps 1.7166425903320313zmps -0.11450381679389313 xdps -5.022900763358779 ydps -0.05343511450381679zdps
0.0 lux 10.6484375 °C 12.48294117647059 _C -9.524134204101562 xmps -1.5418658691406248 ymps 1.675941162109375zmps -0.13740458015267176 xdps -4.8320610687022905 ydps 0.09923664122137404zdps
0.0 lux 10.7890625 °C 12.435882352941178 _C -9.509768994140625 xmps -1.5873557006835937 ymps 1.7238251953125zmps -0.16030534351145037 xdps -4.809160305343512 ydps 0.33587786259541985zdps
0.0 lux 10.7890625 °C 12.388823529411766 _C -9.495403784179686 xmps -1.5586252807617187 ymps 1.668758557128906zmps -0.1984732824427481 xdps -4.702290076335878 ydps 0.11450381679389313zdps
0.0 lux 10.7890625 °C 12.435882352941178 _C -9.504980590820312 xmps -1.5251064575195312 ymps 1.697488977050781zmps -0.20610687022900764 xdps -4.916030534351145 ydps 0.15267175572519084zdps
0.0 lux 10.7890625 °C 12.388823529411766 _C -9.521740002441407 xmps -1.6136919189453125 ymps 1.6735469604492186zmps -0.17557251908396945 xdps -4.923664122137405 ydps 0.3282442748091603zdps
0.0 lux 10.7890625 °C 12.294705882352943 _C -9.574412438964844 xmps -1.5275006591796874 ymps 1.7118541870117185zmps -0.4122137404580153 xdps -4.938931297709924 ydps 0.3053435114503817zdps
0.0 lux 10.7890625 °C 12.388823529411766 _C -9.562441430664062 xmps -1.4963760375976562 ymps 1.6615759521484375zmps -0.22900763358778625 xdps -4.885496183206107 ydps 0.09923664122137404zdps
0.0 lux 10.7890625 °C 12.435882352941178 _C -9.576806640625 xmps -1.5873557006835937 ymps 1.5849614990234373zmps -0.08396946564885496 xdps -5.244274809160306 ydps 0.2900763358778626zdps
0.0 lux 10.7890625 °C 12.435882352941178 _C -9.591171850585937 xmps -1.4796166259765624 ymps 1.6352397338867186zmps -0.05343511450381679 xdps -4.99236641221374 ydps 0.22137404580152673zdps
0.0 lux 10.984375 °C 12.388823529411766 _C -9.583989245605467 xmps -1.4963760375976562 ymps 1.6304513305664061zmps -0.16793893129770993 xdps -4.824427480916031 ydps 0.16030534351145037zdps
0.0 lux 10.984375 °C 12.341764705882355 _C -9.557653027343749 xmps -1.5418658691406248 ymps 1.7860744384765623zmps -0.21374045801526717 xdps -5.038167938931298 ydps 0.08396946564885496zdps
0.0 lux 10.984375 °C 12.294705882352943 _C -9.519345800781249 xmps -1.4245499877929686 ymps 1.7453730102539062zmps -0.10687022900763359 xdps -4.977099236641221 ydps 0.26717557251908397zdps
0.0 lux 10.984375 °C 12.341764705882355 _C -9.576806640625 xmps -1.5251064575195312 ymps 1.618480322265625zmps -0.1297709923664122 xdps -4.786259541984733 ydps 0.2748091603053435zdps
0.0 lux 10.984375 °C 12.341764705882355 _C -9.509768994140625 xmps -1.4700398193359374 ymps 1.8148048583984373zmps -0.04580152671755725 xdps -4.900763358778626 ydps 0.007633587786259542zdps
0.0 lux 10.984375 °C 12.435882352941178 _C -9.56962403564453 xmps -1.448492004394531 ymps 1.6998831787109374zmps -0.2366412213740458 xdps -4.786259541984733 ydps -0.11450381679389313zdps
0.0 lux 10.984375 °C 12.435882352941178 _C -9.567229833984374 xmps -1.5035586425781249 ymps 1.7549498168945312zmps -0.17557251908396945 xdps -4.9465648854961835 ydps -0.183206106870229zdps
0.0 lux 10.984375 °C 12.388823529411766 _C -9.459490759277344 xmps -1.5634136840820312 ymps 1.8602946899414061zmps -0.2824427480916031 xdps -5.083969465648855 ydps 0.3435114503816794zdps
0.0 lux 10.9453125 °C 12.388823529411766 _C -9.536105212402344 xmps -1.4772224243164063 ymps 1.6448165405273436zmps -0.22900763358778625 xdps -4.938931297709924 ydps 0.2748091603053435zdps
0.0 lux 10.9453125 °C 12.435882352941178 _C -9.526528405761718 xmps -1.5705962890624998 ymps 1.7621324218749999zmps -0.26717557251908397 xdps -4.893129770992366 ydps 0.2748091603053435zdps
0.0 lux 10.9453125 °C 12.294705882352943 _C -9.548076220703125 xmps -1.5466542724609373 ymps 1.8267758666992187zmps -0.29770992366412213 xdps -4.931297709923665 ydps -0.15267175572519084zdps
0.0 lux 10.9453125 °C 12.341764705882355 _C -9.5384994140625 xmps -1.4772224243164063 ymps 1.6735469604492186zmps -0.10687022900763359 xdps -4.923664122137405 ydps 0.19083969465648856zdps
0.0 lux 10.9453125 °C 12.341764705882355 _C -9.485826977539062 xmps -1.5705962890624998 ymps 1.6735469604492186zmps -0.29770992366412213 xdps -5.091603053435114 ydps 0.22137404580152673zdps
0.0 lux 10.9453125 °C 12.294705882352943 _C -9.504980590820312 xmps -1.5275006591796874 ymps 1.656787548828125zmps -0.07633587786259542 xdps -4.893129770992366 ydps -0.04580152671755725zdps
0.0 lux 10.9453125 °C 12.341764705882355 _C -9.540893615722656 xmps -1.5394716674804687 ymps 1.6615759521484375zmps -0.33587786259541985 xdps -4.893129770992366 ydps 0.04580152671755725zdps
0.0 lux 10.765625 °C 12.388823529411766 _C -9.595960253906249 xmps -1.5466542724609373 ymps 1.7118541870117185zmps -0.16030534351145037 xdps -4.648854961832061 ydps 0.2824427480916031zdps
0.0 lux 10.765625 °C 12.435882352941178 _C -9.557653027343749 xmps -1.5275006591796874 ymps 1.5921441040039062zmps -0.22137404580152673 xdps -4.969465648854962 ydps 0.06870229007633588zdps
0.0 lux 10.765625 °C 12.435882352941178 _C -9.581595043945311 xmps -1.4963760375976562 ymps 1.8100164550781248zmps -0.2824427480916031 xdps -4.870229007633588 ydps 0.2366412213740458zdps
0.0 lux 10.765625 °C 12.294705882352943 _C -9.605537060546874 xmps -1.4987702392578124 ymps 1.7381904052734374zmps -0.24427480916030533 xdps -4.9465648854961835 ydps 0.015267175572519083zdps
0.0 lux 10.765625 °C 12.294705882352943 _C -9.519345800781249 xmps -1.4963760375976562 ymps 1.7262193969726563zmps -0.22137404580152673 xdps -4.8396946564885495 ydps 0.12213740458015267zdps
0.0 lux 10.765625 °C 12.388823529411766 _C -9.524134204101562 xmps -1.5059528442382812 ymps 1.7884686401367187zmps -0.13740458015267176 xdps -4.923664122137405 ydps 0.03816793893129771zdps
0.0 lux 10.765625 °C 12.435882352941178 _C -9.457096557617186 xmps -1.4796166259765624 ymps 1.8531120849609375zmps -0.1450381679389313 xdps -4.67175572519084 ydps 0.29770992366412213zdps
0.0 lux 10.765625 °C 12.388823529411766 _C -9.473855969238281 xmps -1.5921441040039062 ymps 1.7836802368164062zmps -0.25190839694656486 xdps -4.9465648854961835 ydps 0.3511450381679389zdps
0.0 lux 10.8984375 °C 12.435882352941178 _C -9.502586389160156 xmps -1.4796166259765624 ymps 1.6735469604492186zmps -0.03816793893129771 xdps -4.885496183206107 ydps 0.0zdps
0.0576 lux 10.8984375 °C 12.48294117647059 _C -9.478644372558593 xmps -1.5921441040039062 ymps 1.7190367919921874zmps -0.1984732824427481 xdps -4.9465648854961835 ydps 0.183206106870229zdps
0.0576 lux 10.8984375 °C 12.48294117647059 _C -9.507374792480467 xmps -1.5011644409179687 ymps 1.6208745239257811zmps -0.10687022900763359 xdps -4.732824427480916 ydps 0.0zdps
0.0576 lux 10.8984375 °C 12.435882352941178 _C -9.567229833984374 xmps -1.5203180541992187 ymps 1.7812860351562498zmps -0.20610687022900764 xdps -4.847328244274809 ydps 0.25190839694656486zdps
0.1152 lux 10.8984375 °C 12.530000000000001 _C -9.502586389160156 xmps -1.4508862060546874 ymps 1.68551796875zmps -0.2595419847328244 xdps -4.748091603053435 ydps 0.10687022900763359zdps
0.0576 lux 10.8984375 °C 12.48294117647059 _C -9.567229833984374 xmps -1.5131354492187499 ymps 1.7429788085937499zmps -0.3282442748091603 xdps -4.824427480916031 ydps 0.13740458015267176zdps
0.1152 lux 10.8984375 °C 12.48294117647059 _C -9.550470422363281 xmps -1.5586252807617187 ymps 1.7453730102539062zmps -0.183206106870229 xdps -4.984732824427481 ydps 0.1297709923664122zdps
0.1152 lux 10.8984375 °C 12.294705882352943 _C -9.588777648925781 xmps -1.5610194824218748 ymps 1.6903063720703124zmps -0.183206106870229 xdps -4.908396946564886 ydps 0.03816793893129771zdps
0.1152 lux 11.2421875 °C 12.435882352941178 _C -9.548076220703125 xmps -1.5179238525390624 ymps 1.7357962036132812zmps -0.31297709923664124 xdps -4.809160305343512 ydps 0.1450381679389313zdps
0.1152 lux 11.2421875 °C 12.388823529411766 _C -9.483432775878907 xmps -1.5227122558593749 ymps 1.697488977050781zmps -0.2366412213740458 xdps -4.854961832061068 ydps -0.09923664122137404zdps
0.1152 lux 11.2421875 °C 12.388823529411766 _C -9.452308154296874 xmps -1.5514426757812498 ymps 1.6160861206054686zmps -0.26717557251908397 xdps -4.687022900763359 ydps 0.19083969465648856zdps
0.1152 lux 11.2421875 °C 12.435882352941178 _C -9.459490759277344 xmps -1.5035586425781249 ymps 1.678335363769531zmps -0.05343511450381679 xdps -4.8396946564885495 ydps 0.24427480916030533zdps
0.1152 lux 11.2421875 °C 12.48294117647059 _C -9.504980590820312 xmps -1.4532804077148436 ymps 1.695094775390625zmps -0.10687022900763359 xdps -5.015267175572519 ydps 0.05343511450381679zdps
0.1152 lux 11.2421875 °C 12.388823529411766 _C -9.540893615722656 xmps -1.5251064575195312 ymps 1.6519991455078125zmps -0.10687022900763359 xdps -4.824427480916031 ydps 0.08396946564885496zdps
0.0576 lux 11.2421875 °C 12.341764705882355 _C -9.572018237304688 xmps -1.4891934326171874 ymps 1.7693150268554687zmps -0.2595419847328244 xdps -4.786259541984733 ydps 0.35877862595419846zdps
0.1152 lux 11.2421875 °C 12.388823529411766 _C -9.564835632324218 xmps -1.4987702392578124 ymps 1.7453730102539062zmps -0.2366412213740458 xdps -4.809160305343512 ydps 0.06870229007633588zdps
0.0576 lux 11.25 °C 12.435882352941178 _C -9.533711010742186 xmps -1.5753846923828123 ymps 1.6927005737304686zmps -0.35877862595419846 xdps -4.7251908396946565 ydps 0.20610687022900764zdps
0.0576 lux 11.25 °C 12.341764705882355 _C -9.552864624023437 xmps -1.4963760375976562 ymps 1.7788918334960937zmps -0.12213740458015267 xdps -4.603053435114504 ydps 0.08396946564885496zdps
0.0576 lux 11.25 °C 12.341764705882355 _C -9.471461767578125 xmps -1.5705962890624998 ymps 1.8148048583984373zmps -0.1450381679389313 xdps -4.99236641221374 ydps 0.030534351145038167zdps
0.0576 lux 11.25 °C 12.294705882352943 _C -9.488221179199218 xmps -1.5466542724609373 ymps 1.7597382202148437zmps -0.1450381679389313 xdps -4.984732824427481 ydps 0.31297709923664124zdps
0.0576 lux 11.25 °C 12.435882352941178 _C -9.452308154296874 xmps -1.5658078857421873 ymps 1.7357962036132812zmps -0.2595419847328244 xdps -4.847328244274809 ydps 0.16793893129770993zdps
0.0576 lux 11.25 °C 12.341764705882355 _C -9.545682019042967 xmps -1.4724340209960938 ymps 1.695094775390625zmps -0.2824427480916031 xdps -4.938931297709924 ydps 0.061068702290076333zdps
0.0576 lux 11.25 °C 12.388823529411766 _C -9.53131680908203 xmps -1.5011644409179687 ymps 1.675941162109375zmps -0.11450381679389313 xdps -4.778625954198473 ydps 0.0zdps
0.0576 lux 11.28125 °C 12.435882352941178 _C -9.516951599121093 xmps -1.5346832641601562 ymps 1.6448165405273436zmps -0.21374045801526717 xdps -4.854961832061068 ydps 0.15267175572519084zdps
0.0576 lux 11.28125 °C 12.341764705882355 _C -9.524134204101562 xmps -1.4796166259765624 ymps 1.7429788085937499zmps -0.1297709923664122 xdps -4.778625954198473 ydps 0.1450381679389313zdps
0.0576 lux 11.28125 °C 12.435882352941178 _C -9.5001921875 xmps -1.5969325073242187 ymps 1.6927005737304686zmps -0.20610687022900764 xdps -4.687022900763359 ydps 0.22137404580152673zdps
0.0576 lux 11.28125 °C 12.341764705882355 _C -9.528922607421874 xmps -1.5753846923828123 ymps 1.678335363769531zmps -0.33587786259541985 xdps -4.961832061068702 ydps 0.1984732824427481zdps
0.0576 lux 11.28125 °C 12.388823529411766 _C -9.567229833984374 xmps -1.5275006591796874 ymps 1.7429788085937499zmps -0.17557251908396945 xdps -4.931297709923665 ydps -0.022900763358778626zdps
0.0576 lux 11.28125 °C 12.48294117647059 _C -9.521740002441407 xmps -1.5753846923828123 ymps 1.6639701538085936zmps -0.16030534351145037 xdps -5.122137404580153 ydps 0.21374045801526717zdps
0.0576 lux 11.28125 °C 12.341764705882355 _C -9.567229833984374 xmps -1.5083470458984374 ymps 1.7022773803710936zmps 0.022900763358778626 xdps -5.00763358778626 ydps 0.183206106870229zdps
0.0576 lux 11.28125 °C 12.388823529411766 _C -9.552864624023437 xmps -1.5179238525390624 ymps 1.656787548828125zmps -0.16793893129770993 xdps -4.9465648854961835 ydps 0.26717557251908397zdps
0.0576 lux 11.3828125 °C 12.341764705882355 _C -9.4618849609375 xmps -1.6017209106445311 ymps 1.6735469604492186zmps -0.16030534351145037 xdps -4.862595419847328 ydps 0.08396946564885496zdps
0.0576 lux 11.3828125 °C 12.294705882352943 _C -9.519345800781249 xmps -1.6136919189453125 ymps 1.697488977050781zmps -0.183206106870229 xdps -4.801526717557252 ydps 0.11450381679389313zdps
0.0576 lux 11.3828125 °C 12.341764705882355 _C -9.583989245605467 xmps -1.5179238525390624 ymps 1.6711527587890624zmps -0.3053435114503817 xdps -4.931297709923665 ydps 0.1297709923664122zdps
0.0576 lux 11.3828125 °C 12.341764705882355 _C -9.483432775878907 xmps -1.5825672973632812 ymps 1.7094599853515624zmps -0.16030534351145037 xdps -4.862595419847328 ydps 0.08396946564885496zdps
0.0576 lux 11.3828125 °C 12.388823529411766 _C -9.471461767578125 xmps -1.5490484741210937 ymps 1.7812860351562498zmps -0.04580152671755725 xdps -4.801526717557252 ydps 0.2595419847328244zdps
0.0576 lux 11.3828125 °C 12.341764705882355 _C -9.526528405761718 xmps -1.5945383056640625 ymps 1.7214309936523438zmps -0.16793893129770993 xdps -5.00763358778626 ydps 0.06870229007633588zdps
0.0576 lux 11.3828125 °C 12.341764705882355 _C -9.507374792480467 xmps -1.5538368774414062 ymps 1.714248388671875zmps -0.3816793893129771 xdps -4.847328244274809 ydps 0.3053435114503817zdps
0.0576 lux 11.3828125 °C 12.247647058823532 _C -9.548076220703125 xmps -1.5298948608398437 ymps 1.8411410766601561zmps -0.08396946564885496 xdps -4.862595419847328 ydps 0.3511450381679389zdps
0.0 lux 11.4765625 °C 12.294705882352943 _C -9.550470422363281 xmps -1.4963760375976562 ymps 1.6711527587890624zmps -0.2748091603053435 xdps -5.0458015267175576 ydps 0.10687022900763359zdps
0.0 lux 11.4765625 °C 12.341764705882355 _C -9.605537060546874 xmps -1.5131354492187499 ymps 1.7621324218749999zmps -0.1984732824427481 xdps -5.061068702290076 ydps 0.2748091603053435zdps
0.0 lux 11.4765625 °C 12.341764705882355 _C -9.579200842285156 xmps -1.5227122558593749 ymps 1.7597382202148437zmps -0.29770992366412213 xdps -4.824427480916031 ydps 0.32061068702290074zdps
0.0 lux 11.4765625 °C 12.388823529411766 _C -9.521740002441407 xmps -1.5634136840820312 ymps 1.7429788085937499zmps -0.17557251908396945 xdps -4.893129770992366 ydps 0.15267175572519084zdps
0.0 lux 11.4765625 °C 12.247647058823532 _C -9.574412438964844 xmps -1.5418658691406248 ymps 1.7741034301757812zmps -0.13740458015267176 xdps -4.755725190839694 ydps 0.07633587786259542zdps
0.0 lux 11.4765625 °C 12.294705882352943 _C -9.543287817382812 xmps -1.5586252807617187 ymps 1.8004396484374998zmps -0.35877862595419846 xdps -4.801526717557252 ydps -0.015267175572519083zdps
0.0 lux 11.4765625 °C 12.341764705882355 _C -9.579200842285156 xmps -1.5442600708007812 ymps 1.7190367919921874zmps -0.3282442748091603 xdps -4.916030534351145 ydps 0.08396946564885496zdps
0.0 lux 11.3125 °C 12.341764705882355 _C -9.583989245605467 xmps -1.47482822265625 ymps 1.7453730102539062zmps -0.24427480916030533 xdps -4.900763358778626 ydps 0.16030534351145037zdps
0.0 lux 11.3125 °C 12.341764705882355 _C -9.512163195800781 xmps -1.5945383056640625 ymps 1.7453730102539062zmps -0.2595419847328244 xdps -5.0 ydps 0.11450381679389313zdps
0.0 lux 11.3125 °C 12.341764705882355 _C -9.502586389160156 xmps -1.608903515625 ymps 1.7621324218749999zmps -0.22900763358778625 xdps -4.702290076335878 ydps 0.0zdps
0.0 lux 11.3125 °C 12.294705882352943 _C -9.574412438964844 xmps -1.5394716674804687 ymps 1.637633935546875zmps -0.1450381679389313 xdps -4.648854961832061 ydps 0.11450381679389313zdps
0.0 lux 11.3125 °C 12.435882352941178 _C -9.576806640625 xmps -1.5753846923828123 ymps 1.7764976318359373zmps -0.20610687022900764 xdps -5.076335877862595 ydps 0.12213740458015267zdps
0.0576 lux 11.3125 °C 12.388823529411766 _C -9.512163195800781 xmps -1.5753846923828123 ymps 1.7190367919921874zmps 0.07633587786259542 xdps -5.0534351145038165 ydps 0.2366412213740458zdps
0.0576 lux 11.3125 °C 12.294705882352943 _C -9.595960253906249 xmps -1.5179238525390624 ymps 1.6232687255859375zmps -0.24427480916030533 xdps -5.061068702290076 ydps 0.3282442748091603zdps
0.0576 lux 11.3125 °C 12.388823529411766 _C -9.581595043945311 xmps -1.5179238525390624 ymps 1.6998831787109374zmps -0.2595419847328244 xdps -4.908396946564886 ydps 0.08396946564885496zdps
0.0576 lux 11.4609375 °C 12.341764705882355 _C -9.473855969238281 xmps -1.4796166259765624 ymps 1.6711527587890624zmps -0.3282442748091603 xdps -4.732824427480916 ydps 0.15267175572519084zdps
0.0576 lux 11.4609375 °C 12.435882352941178 _C -9.5384994140625 xmps -1.4867992309570313 ymps 1.659181750488281zmps -0.31297709923664124 xdps -4.740458015267175 ydps 0.22137404580152673zdps
0.0576 lux 11.4609375 °C 12.341764705882355 _C -9.536105212402344 xmps -1.4820108276367188 ymps 1.6304513305664061zmps -0.19083969465648856 xdps -5.068702290076335 ydps 0.2824427480916031zdps
0.0576 lux 11.4609375 °C 12.388823529411766 _C -9.533711010742186 xmps -1.5298948608398437 ymps 1.6448165405273436zmps -0.31297709923664124 xdps -4.961832061068702 ydps 0.09923664122137404zdps
0.0576 lux 11.4609375 °C 12.294705882352943 _C -9.490615380859374 xmps -1.5442600708007812 ymps 1.6352397338867186zmps -0.030534351145038167 xdps -5.068702290076335 ydps 0.04580152671755725zdps
0.0 lux 11.4609375 °C 12.388823529411766 _C -9.548076220703125 xmps -1.4867992309570313 ymps 1.8171990600585937zmps -0.21374045801526717 xdps -4.9465648854961835 ydps -0.10687022900763359zdps
0.0 lux 11.4609375 °C 12.388823529411766 _C -9.5384994140625 xmps -1.5298948608398437 ymps 1.7860744384765623zmps -0.3511450381679389 xdps -4.99236641221374 ydps 0.007633587786259542zdps
0.0 lux 11.4609375 °C 12.341764705882355 _C -9.428366137695312 xmps -1.5538368774414062 ymps 1.7956512451171873zmps -0.24427480916030533 xdps -4.916030534351145 ydps 0.1984732824427481zdps
0.0 lux 11.4765625 °C 12.341764705882355 _C -9.540893615722656 xmps -1.5394716674804687 ymps 1.8124106567382812zmps -0.24427480916030533 xdps -4.9465648854961835 ydps -0.05343511450381679zdps
0.0 lux 11.4765625 °C 12.294705882352943 _C -9.560047229003906 xmps -1.5490484741210937 ymps 1.7477672119140624zmps -0.022900763358778626 xdps -4.641221374045801 ydps 0.31297709923664124zdps
0.0 lux 11.4765625 °C 12.294705882352943 _C -9.49300958251953 xmps -1.5227122558593749 ymps 1.7477672119140624zmps -0.13740458015267176 xdps -4.977099236641221 ydps 0.11450381679389313zdps
0.0 lux 11.4765625 °C 12.341764705882355 _C -9.497797985839844 xmps -1.5011644409179687 ymps 1.7860744384765623zmps -0.19083969465648856 xdps -5.114503816793893 ydps 0.35877862595419846zdps
0.0 lux 11.4765625 °C 12.341764705882355 _C -9.481038574218749 xmps -1.5538368774414062 ymps 1.7334020019531249zmps -0.2595419847328244 xdps -4.740458015267175 ydps 0.3511450381679389zdps
0.0 lux 11.4765625 °C 12.294705882352943 _C -9.507374792480467 xmps -1.5107412475585937 ymps 1.7741034301757812zmps -0.20610687022900764 xdps -4.7251908396946565 ydps 0.061068702290076333zdps
0.0 lux 11.4765625 °C 12.247647058823532 _C -9.540893615722656 xmps -1.5514426757812498 ymps 1.7310078002929687zmps 0.030534351145038167 xdps -5.0458015267175576 ydps -0.12213740458015267zdps
0.0 lux 11.4765625 °C 12.247647058823532 _C -9.5384994140625 xmps -1.4915876342773438 ymps 1.6807295654296874zmps -0.37404580152671757 xdps -5.0458015267175576 ydps 0.15267175572519084zdps
0.0 lux 11.3203125 °C 12.341764705882355 _C -9.552864624023437 xmps -1.5155296508789062 ymps 1.7214309936523438zmps -0.24427480916030533 xdps -4.877862595419847 ydps 0.1984732824427481zdps
0.0 lux 11.3203125 °C 12.294705882352943 _C -9.56962403564453 xmps -1.5059528442382812 ymps 1.618480322265625zmps -0.13740458015267176 xdps -4.694656488549619 ydps 0.2748091603053435zdps
0.0 lux 11.3203125 °C 12.294705882352943 _C -9.564835632324218 xmps -1.5490484741210937 ymps 1.6328455322265625zmps -0.24427480916030533 xdps -4.748091603053435 ydps 0.22137404580152673zdps
0.0 lux 11.3203125 °C 12.341764705882355 _C -9.64623848876953 xmps -1.4245499877929686 ymps 2.0278888061523435zmps -0.2595419847328244 xdps -4.908396946564886 ydps 0.04580152671755725zdps
0.0 lux 11.3203125 °C 12.341764705882355 _C -9.521740002441407 xmps -1.4987702392578124 ymps 1.7741034301757812zmps -0.1450381679389313 xdps -4.687022900763359 ydps -0.12213740458015267zdps
0.0 lux 11.3203125 °C 12.247647058823532 _C -9.543287817382812 xmps -1.5083470458984374 ymps 1.675941162109375zmps -0.17557251908396945 xdps -4.8320610687022905 ydps 0.22137404580152673zdps
0.0 lux 11.3203125 °C 12.247647058823532 _C -9.509768994140625 xmps -1.5227122558593749 ymps 1.6472107421875zmps -0.3282442748091603 xdps -5.022900763358779 ydps 0.1984732824427481zdps
0.0 lux 11.3046875 °C 12.294705882352943 _C -9.564835632324218 xmps -1.4125789794921875 ymps 1.6639701538085936zmps -0.3053435114503817 xdps -4.862595419847328 ydps 0.0zdps
0.0 lux 11.3046875 °C 12.294705882352943 _C -9.548076220703125 xmps -1.5203180541992187 ymps 1.8698714965820311zmps -0.32061068702290074 xdps -4.656488549618321 ydps 0.17557251908396945zdps
0.0 lux 11.3046875 °C 12.294705882352943 _C -9.583989245605467 xmps -1.467645617675781 ymps 1.5753846923828123zmps -0.16793893129770993 xdps -4.847328244274809 ydps 0.11450381679389313zdps
0.0 lux 11.3046875 °C 12.20058823529412 _C -9.49300958251953 xmps -1.5179238525390624 ymps 1.7022773803710936zmps -0.2366412213740458 xdps -4.748091603053435 ydps 0.061068702290076333zdps
0.0 lux 11.3046875 °C 12.294705882352943 _C -9.588777648925781 xmps -1.5203180541992187 ymps 1.7884686401367187zmps -0.12213740458015267 xdps -4.847328244274809 ydps 0.35877862595419846zdps
0.0 lux 11.3046875 °C 12.294705882352943 _C -9.543287817382812 xmps -1.5634136840820312 ymps 1.66636435546875zmps -0.2748091603053435 xdps -4.572519083969466 ydps -0.007633587786259542zdps
0.0 lux 11.3046875 °C 12.247647058823532 _C -9.485826977539062 xmps -1.5227122558593749 ymps 1.7190367919921874zmps -0.09923664122137404 xdps -4.8320610687022905 ydps -0.015267175572519083zdps
0.0 lux 11.3046875 °C 12.247647058823532 _C -9.572018237304688 xmps -1.66636435546875 ymps 1.3742717529296875zmps -0.06870229007633588 xdps -4.938931297709924 ydps 0.3893129770992366zdps
0.0 lux 11.3046875 °C 12.247647058823532 _C -9.533711010742186 xmps -1.4796166259765624 ymps 1.9632453613281249zmps -0.24427480916030533 xdps -4.763358778625954 ydps 0.29770992366412213zdps
0.0 lux 11.3046875 °C 12.388823529411766 _C -9.533711010742186 xmps -1.4173673828125 ymps 1.8459294799804686zmps -0.17557251908396945 xdps -4.809160305343512 ydps 0.015267175572519083zdps
0.2304 lux 11.3046875 °C 12.435882352941178 _C -9.598354455566406 xmps -1.455674609375 ymps 1.656787548828125zmps -0.1984732824427481 xdps -5.076335877862595 ydps 0.15267175572519084zdps
0.288 lux 11.3046875 °C 12.48294117647059 _C -9.528922607421874 xmps -1.4891934326171874 ymps 1.70467158203125zmps -0.022900763358778626 xdps -4.687022900763359 ydps 0.16793893129770993zdps
0.288 lux 11.3046875 °C 12.48294117647059 _C -9.593566052246093 xmps -1.5275006591796874 ymps 1.7501614135742187zmps -0.33587786259541985 xdps -4.702290076335878 ydps 0.22137404580152673zdps
0.2304 lux 11.3046875 °C 12.435882352941178 _C -9.485826977539062 xmps -1.5107412475585937 ymps 1.7286135986328124zmps -0.2824427480916031 xdps -5.0 ydps 0.3969465648854962zdps
0.2304 lux 11.3046875 °C 12.388823529411766 _C -9.583989245605467 xmps -1.4700398193359374 ymps 1.7118541870117185zmps -0.10687022900763359 xdps -4.885496183206107 ydps 0.22137404580152673zdps
0.2304 lux 11.3046875 °C 12.435882352941178 _C -9.507374792480467 xmps -1.5298948608398437 ymps 1.7621324218749999zmps -0.2366412213740458 xdps -4.9541984732824424 ydps 0.22137404580152673zdps
0.1728 lux 11.5703125 °C 12.341764705882355 _C -9.593566052246093 xmps -1.4891934326171874 ymps 1.6400281372070311zmps -0.22900763358778625 xdps -4.984732824427481 ydps 0.2366412213740458zdps
0.1728 lux 11.5703125 °C 12.435882352941178 _C -9.548076220703125 xmps -1.5035586425781249 ymps 1.7405846069335937zmps -0.17557251908396945 xdps -4.900763358778626 ydps -0.04580152671755725zdps
0.1152 lux 11.5703125 °C 12.435882352941178 _C -9.509768994140625 xmps -1.5538368774414062 ymps 1.695094775390625zmps 0.25190839694656486 xdps -4.687022900763359 ydps -0.2824427480916031zdps
0.0576 lux 11.5703125 °C 12.388823529411766 _C -9.519345800781249 xmps -1.5658078857421873 ymps 1.7860744384765623zmps -0.29770992366412213 xdps -4.763358778625954 ydps -0.11450381679389313zdps
0.0 lux 11.5703125 °C 12.341764705882355 _C -9.502586389160156 xmps -1.4987702392578124 ymps 1.6903063720703124zmps -0.366412213740458 xdps -4.900763358778626 ydps 0.4198473282442748zdps
0.0 lux 11.5703125 °C 12.341764705882355 _C -9.548076220703125 xmps -1.4413093994140624 ymps 1.6639701538085936zmps -0.26717557251908397 xdps -4.717557251908397 ydps 0.22900763358778625zdps
0.0 lux 11.5703125 °C 12.341764705882355 _C -9.540893615722656 xmps -1.5131354492187499 ymps 1.649604943847656zmps -0.21374045801526717 xdps -4.9465648854961835 ydps 0.1984732824427481zdps
0.0 lux 11.2734375 °C 12.388823529411766 _C -9.53131680908203 xmps -1.5107412475585937 ymps 1.68551796875zmps -0.4351145038167939 xdps -4.732824427480916 ydps 0.022900763358778626zdps
0.0 lux 11.2734375 °C 12.388823529411766 _C -9.555258825683593 xmps -1.5251064575195312 ymps 1.697488977050781zmps -0.17557251908396945 xdps -4.908396946564886 ydps 0.31297709923664124zdps
0.0 lux 11.2734375 °C 12.341764705882355 _C -9.497797985839844 xmps -1.4724340209960938 ymps 1.7381904052734374zmps -0.16030534351145037 xdps -4.847328244274809 ydps 0.007633587786259542zdps
0.0 lux 11.2734375 °C 12.294705882352943 _C -9.583989245605467 xmps -1.5849614990234373 ymps 1.7621324218749999zmps -0.13740458015267176 xdps -5.022900763358779 ydps 0.015267175572519083zdps
0.0 lux 11.2734375 °C 12.341764705882355 _C -9.56962403564453 xmps -1.5825672973632812 ymps 1.7549498168945312zmps -0.2366412213740458 xdps -4.854961832061068 ydps 0.007633587786259542zdps
0.0 lux 11.2734375 °C 12.247647058823532 _C -9.552864624023437 xmps -1.5227122558593749 ymps 1.7190367919921874zmps -0.06870229007633588 xdps -4.824427480916031 ydps 0.32061068702290074zdps
0.0 lux 11.2734375 °C 12.294705882352943 _C -9.5001921875 xmps -1.5490484741210937 ymps 1.6831237670898436zmps -0.21374045801526717 xdps -4.877862595419847 ydps -0.04580152671755725zdps
0.0 lux 11.2734375 °C 12.247647058823532 _C -9.593566052246093 xmps -1.5418658691406248 ymps 1.5011644409179687zmps -0.3053435114503817 xdps -4.824427480916031 ydps 0.1297709923664122zdps
0.0 lux 11.2265625 °C 12.294705882352943 _C -9.528922607421874 xmps -1.5346832641601562 ymps 1.659181750488281zmps -0.07633587786259542 xdps -4.893129770992366 ydps 0.0zdps
0.0 lux 11.2265625 °C 12.341764705882355 _C -9.526528405761718 xmps -1.5227122558593749 ymps 1.6735469604492186zmps -0.24427480916030533 xdps -4.9465648854961835 ydps 0.03816793893129771zdps
0.0 lux 11.2265625 °C 12.294705882352943 _C -9.533711010742186 xmps -1.5275006591796874 ymps 1.6352397338867186zmps -0.37404580152671757 xdps -5.0 ydps 0.05343511450381679zdps
0.0 lux 11.2265625 °C 12.294705882352943 _C -9.514557397460937 xmps -1.5514426757812498 ymps 1.7980454467773437zmps -0.061068702290076333 xdps -4.885496183206107 ydps 0.1450381679389313zdps
0.0 lux 11.2265625 °C 12.341764705882355 _C -9.488221179199218 xmps -1.5777788940429687 ymps 1.7190367919921874zmps -0.13740458015267176 xdps -4.603053435114504 ydps 0.08396946564885496zdps
0.0 lux 11.2265625 °C 12.388823529411766 _C -9.516951599121093 xmps -1.5370774658203123 ymps 1.7166425903320313zmps -0.1984732824427481 xdps -4.885496183206107 ydps -0.030534351145038167zdps
0.0 lux 11.2265625 °C 12.435882352941178 _C -9.552864624023437 xmps -1.4939818359375 ymps 1.678335363769531zmps -0.16793893129770993 xdps -4.694656488549619 ydps -0.12213740458015267zdps
0.0 lux 11.2265625 °C 12.435882352941178 _C -9.512163195800781 xmps -1.5083470458984374 ymps 1.637633935546875zmps -0.4198473282442748 xdps -5.0 ydps -0.07633587786259542zdps
0.0 lux 11.2265625 °C 12.388823529411766 _C -9.53131680908203 xmps -1.4700398193359374 ymps 1.7310078002929687zmps -0.20610687022900764 xdps -4.816793893129771 ydps 0.10687022900763359zdps
0.0 lux 11.2265625 °C 12.435882352941178 _C -9.521740002441407 xmps -1.4772224243164063 ymps 1.7286135986328124zmps -0.17557251908396945 xdps -5.038167938931298 ydps 0.12213740458015267zdps
0.0 lux 11.2265625 °C 12.388823529411766 _C -9.528922607421874 xmps -1.5203180541992187 ymps 1.7166425903320313zmps -0.17557251908396945 xdps -5.0458015267175576 ydps 0.015267175572519083zdps
0.0 lux 11.2265625 °C 12.435882352941178 _C -9.560047229003906 xmps -1.5562310791015623 ymps 1.7118541870117185zmps -0.1984732824427481 xdps -5.122137404580153 ydps -0.21374045801526717zdps
0.0 lux 11.2265625 °C 12.341764705882355 _C -9.543287817382812 xmps -1.5586252807617187 ymps 1.7310078002929687zmps -0.2366412213740458 xdps -5.030534351145038 ydps 0.07633587786259542zdps
0.0 lux 11.2265625 °C 12.435882352941178 _C -9.502586389160156 xmps -1.5155296508789062 ymps 1.7956512451171873zmps -0.1450381679389313 xdps -4.931297709923665 ydps 0.04580152671755725zdps
0.0 lux 11.2265625 °C 12.435882352941178 _C -9.574412438964844 xmps -1.6041151123046875 ymps 1.8315642700195311zmps -0.16030534351145037 xdps -5.015267175572519 ydps 0.22137404580152673zdps
0.0 lux 11.25 °C 12.48294117647059 _C -9.45470235595703 xmps -1.5251064575195312 ymps 1.8004396484374998zmps -0.13740458015267176 xdps -4.961832061068702 ydps 0.04580152671755725zdps
0.0 lux 11.25 °C 12.388823529411766 _C -9.483432775878907 xmps -1.6160861206054686 ymps 1.695094775390625zmps -0.11450381679389313 xdps -4.770992366412214 ydps 0.17557251908396945zdps
0.0 lux 11.25 °C 12.435882352941178 _C -9.473855969238281 xmps -1.5466542724609373 ymps 1.6304513305664061zmps 0.030534351145038167 xdps -4.9465648854961835 ydps 0.022900763358778626zdps
0.0 lux 11.25 °C 12.388823529411766 _C -9.471461767578125 xmps -1.5658078857421873 ymps 1.7453730102539062zmps -0.183206106870229 xdps -4.687022900763359 ydps 0.1450381679389313zdps
0.0 lux 11.25 °C 12.388823529411766 _C -9.502586389160156 xmps -1.5753846923828123 ymps 1.7764976318359373zmps -0.20610687022900764 xdps -4.877862595419847 ydps 0.06870229007633588zdps
0.0 lux 11.25 °C 12.341764705882355 _C -9.469067565917967 xmps -1.5490484741210937 ymps 1.6927005737304686zmps -0.21374045801526717 xdps -4.877862595419847 ydps -0.022900763358778626zdps
0.0 lux 11.25 °C 12.294705882352943 _C -9.466673364257812 xmps -1.4963760375976562 ymps 1.7525556152343749zmps -0.37404580152671757 xdps -4.778625954198473 ydps 0.17557251908396945zdps
0.0 lux 11.25 °C 12.341764705882355 _C -9.507374792480467 xmps -1.5107412475585937 ymps 1.649604943847656zmps -0.2595419847328244 xdps -4.854961832061068 ydps 0.2748091603053435zdps
0.0 lux 11.25 °C 12.341764705882355 _C -9.586383447265625 xmps -1.5203180541992187 ymps 1.5682020874023437zmps -0.1450381679389313 xdps -4.885496183206107 ydps 0.1984732824427481zdps
0.0 lux 11.25 °C 12.388823529411766 _C -9.509768994140625 xmps -1.5586252807617187 ymps 1.6519991455078125zmps -0.15267175572519084 xdps -4.923664122137405 ydps 0.17557251908396945zdps
0.0 lux 11.25 °C 12.341764705882355 _C -9.533711010742186 xmps -1.4963760375976562 ymps 1.6136919189453125zmps -0.16793893129770993 xdps -4.847328244274809 ydps 0.183206106870229zdps
0.0 lux 11.25 °C 12.341764705882355 _C -9.497797985839844 xmps -1.5203180541992187 ymps 1.7836802368164062zmps -0.25190839694656486 xdps -4.893129770992366 ydps 0.08396946564885496zdps
0.0 lux 11.25 °C 12.388823529411766 _C -9.53131680908203 xmps -1.4628572143554686 ymps 1.7429788085937499zmps -0.3282442748091603 xdps -4.9465648854961835 ydps -0.061068702290076333zdps
0.0 lux 11.25 °C 12.341764705882355 _C -9.562441430664062 xmps -1.4987702392578124 ymps 1.6711527587890624zmps -0.1984732824427481 xdps -4.763358778625954 ydps 0.17557251908396945zdps
0.0 lux 11.25 °C 12.388823529411766 _C -9.509768994140625 xmps -1.5227122558593749 ymps 1.8100164550781248zmps -0.22137404580152673 xdps -4.854961832061068 ydps 0.20610687022900764zdps
0.0 lux 11.25 °C 12.341764705882355 _C -9.5384994140625 xmps -1.484405029296875 ymps 1.7381904052734374zmps -0.16030534351145037 xdps -4.679389312977099 ydps 0.183206106870229zdps
0.0 lux 11.25 °C 12.341764705882355 _C -9.497797985839844 xmps -1.608903515625 ymps 1.6232687255859375zmps -0.2900763358778626 xdps -4.900763358778626 ydps 0.21374045801526717zdps
0.0 lux 11.25 °C 12.388823529411766 _C -9.4618849609375 xmps -1.5107412475585937 ymps 1.7429788085937499zmps -0.2748091603053435 xdps -4.770992366412214 ydps 0.3511450381679389zdps
0.0 lux 11.25 °C 12.435882352941178 _C -9.53131680908203 xmps -1.5562310791015623 ymps 1.6304513305664061zmps -0.20610687022900764 xdps -4.801526717557252 ydps 0.07633587786259542zdps
0.0 lux 11.25 °C 12.294705882352943 _C -9.56962403564453 xmps -1.5682020874023437 ymps 1.7334020019531249zmps -0.21374045801526717 xdps -4.877862595419847 ydps -0.007633587786259542zdps
0.0 lux 11.25 °C 12.294705882352943 _C -9.56962403564453 xmps -1.5107412475585937 ymps 1.7381904052734374zmps -0.3282442748091603 xdps -5.022900763358779 ydps 0.1297709923664122zdps
0.0 lux 11.25 °C 12.435882352941178 _C -9.572018237304688 xmps -1.5466542724609373 ymps 1.66636435546875zmps -0.0916030534351145 xdps -4.885496183206107 ydps 0.24427480916030533zdps
0.0 lux 11.25 °C 12.388823529411766 _C -9.473855969238281 xmps -1.5945383056640625 ymps 1.68551796875zmps 0.04580152671755725 xdps -4.961832061068702 ydps 0.29770992366412213zdps
0.0 lux 11.25 °C 12.435882352941178 _C -9.53131680908203 xmps -1.5322890624999999 ymps 1.68551796875zmps -0.25190839694656486 xdps -4.732824427480916 ydps 0.09923664122137404zdps
0.0 lux 11.2421875 °C 12.388823529411766 _C -9.562441430664062 xmps -1.5251064575195312 ymps 1.7310078002929687zmps -0.22137404580152673 xdps -4.7251908396946565 ydps 0.10687022900763359zdps
0.0 lux 11.2421875 °C 12.247647058823532 _C -9.445125549316407 xmps -1.4867992309570313 ymps 1.7022773803710936zmps -0.1450381679389313 xdps -4.931297709923665 ydps 0.09923664122137404zdps
0.0 lux 11.2421875 °C 12.20058823529412 _C -9.574412438964844 xmps -1.5586252807617187 ymps 1.6639701538085936zmps -0.10687022900763359 xdps -4.694656488549619 ydps 0.17557251908396945zdps
0.0 lux 11.2421875 °C 12.341764705882355 _C -9.552864624023437 xmps -1.5610194824218748 ymps 1.6807295654296874zmps -0.2595419847328244 xdps -4.717557251908397 ydps 0.030534351145038167zdps
0.0 lux 11.2421875 °C 12.341764705882355 _C -9.591171850585937 xmps -1.4700398193359374 ymps 1.668758557128906zmps -0.22900763358778625 xdps -4.8320610687022905 ydps 0.2595419847328244zdps
0.0 lux 11.2421875 °C 12.388823529411766 _C -9.564835632324218 xmps -1.5155296508789062 ymps 1.6831237670898436zmps -0.35877862595419846 xdps -5.0 ydps -0.007633587786259542zdps
0.0 lux 11.2421875 °C 12.341764705882355 _C -9.593566052246093 xmps -1.5634136840820312 ymps 1.707065783691406zmps -0.20610687022900764 xdps -4.770992366412214 ydps 0.3053435114503817zdps
0.0 lux 11.2421875 °C 12.388823529411766 _C -9.564835632324218 xmps -1.5107412475585937 ymps 1.6903063720703124zmps -0.21374045801526717 xdps -4.717557251908397 ydps 0.061068702290076333zdps
0.0 lux 11.2421875 °C 12.388823529411766 _C -9.564835632324218 xmps -1.5083470458984374 ymps 1.7549498168945312zmps -0.19083969465648856 xdps -4.8320610687022905 ydps -0.08396946564885496zdps
0.0 lux 11.2421875 °C 12.435882352941178 _C -9.502586389160156 xmps -1.5131354492187499 ymps 1.5969325073242187zmps -0.2366412213740458 xdps -4.961832061068702 ydps 0.15267175572519084zdps
0.0 lux 11.2421875 °C 12.435882352941178 _C -9.560047229003906 xmps -1.5370774658203123 ymps 1.6448165405273436zmps -0.22137404580152673 xdps -4.740458015267175 ydps 0.2748091603053435zdps
0.0 lux 11.2421875 °C 12.388823529411766 _C -9.526528405761718 xmps -1.5490484741210937 ymps 1.6256629272460936zmps -0.21374045801526717 xdps -5.083969465648855 ydps 0.4198473282442748zdps
0.0 lux 11.2421875 °C 12.435882352941178 _C -9.545682019042967 xmps -1.5059528442382812 ymps 1.7741034301757812zmps -0.22137404580152673 xdps -4.862595419847328 ydps 0.15267175572519084zdps
0.0 lux 11.2421875 °C 12.435882352941178 _C -9.536105212402344 xmps -1.5969325073242187 ymps 1.695094775390625zmps -0.04580152671755725 xdps -4.770992366412214 ydps 0.25190839694656486zdps
0.0 lux 11.2421875 °C 12.388823529411766 _C -9.526528405761718 xmps -1.6136919189453125 ymps 1.70467158203125zmps -0.22900763358778625 xdps -4.824427480916031 ydps -0.16793893129770993zdps
0.0 lux 11.234375 °C 12.435882352941178 _C -9.533711010742186 xmps -1.5298948608398437 ymps 1.68551796875zmps -0.12213740458015267 xdps -5.076335877862595 ydps -0.05343511450381679zdps
0.0 lux 11.234375 °C 12.388823529411766 _C -9.56962403564453 xmps -1.5945383056640625 ymps 1.68551796875zmps 0.030534351145038167 xdps -4.824427480916031 ydps 0.3435114503816794zdps
0.0 lux 11.234375 °C 12.341764705882355 _C -9.5001921875 xmps -1.5538368774414062 ymps 1.8363526733398436zmps -0.183206106870229 xdps -5.0458015267175576 ydps 0.0zdps
0.0 lux 11.234375 °C 12.48294117647059 _C -9.564835632324218 xmps -1.5682020874023437 ymps 1.6639701538085936zmps -0.04580152671755725 xdps -4.732824427480916 ydps 0.4580152671755725zdps
0.0 lux 11.234375 °C 12.388823529411766 _C -9.521740002441407 xmps -1.5634136840820312 ymps 1.7166425903320313zmps -0.1297709923664122 xdps -4.877862595419847 ydps -0.11450381679389313zdps
0.0 lux 11.234375 °C 12.388823529411766 _C -9.576806640625 xmps -1.5322890624999999 ymps 1.6352397338867186zmps -0.15267175572519084 xdps -4.809160305343512 ydps -0.16030534351145037zdps
0.0 lux 11.234375 °C 12.435882352941178 _C -9.562441430664062 xmps -1.5107412475585937 ymps 1.714248388671875zmps -0.3435114503816794 xdps -4.931297709923665 ydps -0.1450381679389313zdps
0.0 lux 11.234375 °C 12.388823529411766 _C -9.512163195800781 xmps -1.4437036010742186 ymps 1.7381904052734374zmps -0.21374045801526717 xdps -4.786259541984733 ydps 0.12213740458015267zdps
0.0 lux 11.2421875 °C 12.48294117647059 _C -9.598354455566406 xmps -1.4508862060546874 ymps 1.7429788085937499zmps -0.32061068702290074 xdps -4.755725190839694 ydps 0.03816793893129771zdps
0.0 lux 11.2421875 °C 12.435882352941178 _C -9.440337145996093 xmps -1.5777788940429687 ymps 1.7860744384765623zmps -0.20610687022900764 xdps -4.694656488549619 ydps 0.05343511450381679zdps
0.0 lux 11.2421875 °C 12.435882352941178 _C -9.543287817382812 xmps -1.5203180541992187 ymps 1.7573440185546874zmps -0.17557251908396945 xdps -4.900763358778626 ydps -0.030534351145038167zdps
0.0 lux 11.2421875 °C 12.388823529411766 _C -9.483432775878907 xmps -1.5442600708007812 ymps 1.659181750488281zmps -0.24427480916030533 xdps -4.900763358778626 ydps 0.1984732824427481zdps
0.0 lux 11.2421875 °C 12.530000000000001 _C -9.49300958251953 xmps -1.5083470458984374 ymps 1.62805712890625zmps -0.09923664122137404 xdps -4.923664122137405 ydps 0.16793893129770993zdps
0.0 lux 11.2421875 °C 12.530000000000001 _C -9.533711010742186 xmps -1.5370774658203123 ymps 1.5370774658203123zmps -0.2748091603053435 xdps -4.656488549618321 ydps 0.29770992366412213zdps
0.0 lux 11.2421875 °C 12.388823529411766 _C -9.5001921875 xmps -1.5346832641601562 ymps 1.6112977172851561zmps -0.25190839694656486 xdps -4.908396946564886 ydps -0.015267175572519083zdps
0.0 lux 11.2421875 °C 12.388823529411766 _C -9.572018237304688 xmps -1.5083470458984374 ymps 1.6232687255859375zmps -0.25190839694656486 xdps -4.732824427480916 ydps 0.1297709923664122zdps
0.0 lux 11.2421875 °C 12.48294117647059 _C -9.519345800781249 xmps -1.4987702392578124 ymps 1.687912170410156zmps -0.3816793893129771 xdps -4.862595419847328 ydps 0.015267175572519083zdps
0.0 lux 11.2421875 °C 12.435882352941178 _C -9.459490759277344 xmps -1.484405029296875 ymps 1.7597382202148437zmps 0.007633587786259542 xdps -4.709923664122138 ydps -0.1450381679389313zdps
0.0 lux 11.2421875 °C 12.341764705882355 _C -9.514557397460937 xmps -1.4796166259765624 ymps 1.7788918334960937zmps -0.07633587786259542 xdps -4.969465648854962 ydps -0.04580152671755725zdps
0.0 lux 11.2421875 °C 12.435882352941178 _C -9.56962403564453 xmps -1.5298948608398437 ymps 1.68551796875zmps -0.007633587786259542 xdps -4.824427480916031 ydps 0.1297709923664122zdps
0.0 lux 11.2421875 °C 12.530000000000001 _C -9.519345800781249 xmps -1.4891934326171874 ymps 1.7597382202148437zmps -0.1297709923664122 xdps -4.687022900763359 ydps 0.32061068702290074zdps
0.0 lux 11.2421875 °C 12.48294117647059 _C -9.435548742675781 xmps -1.5825672973632812 ymps 1.7190367919921874zmps -0.12213740458015267 xdps -4.854961832061068 ydps 0.030534351145038167zdps
0.0 lux 11.2421875 °C 12.48294117647059 _C -9.533711010742186 xmps -1.5370774658203123 ymps 1.649604943847656zmps -0.24427480916030533 xdps -4.9541984732824424 ydps 0.10687022900763359zdps
0.0 lux 11.234375 °C 12.435882352941178 _C -9.478644372558593 xmps -1.5370774658203123 ymps 1.5490484741210937zmps -0.25190839694656486 xdps -4.793893129770993 ydps 0.16030534351145037zdps
0.0 lux 11.234375 °C 12.48294117647059 _C -9.548076220703125 xmps -1.5298948608398437 ymps 1.5322890624999999zmps -0.17557251908396945 xdps -4.984732824427481 ydps 0.06870229007633588zdps
0.0 lux 11.234375 °C 12.48294117647059 _C -9.526528405761718 xmps -1.5298948608398437 ymps 1.6328455322265625zmps -0.31297709923664124 xdps -4.893129770992366 ydps -0.03816793893129771zdps
0.0 lux 11.234375 °C 12.48294117647059 _C -9.595960253906249 xmps -1.43652099609375 ymps 1.675941162109375zmps -0.21374045801526717 xdps -4.900763358778626 ydps 0.19083969465648856zdps
0.0 lux 11.234375 °C 12.388823529411766 _C -9.548076220703125 xmps -1.5346832641601562 ymps 1.6903063720703124zmps -0.16030534351145037 xdps -4.793893129770993 ydps 0.09923664122137404zdps
0.0 lux 11.234375 °C 12.388823529411766 _C -9.5001921875 xmps -1.5035586425781249 ymps 1.7381904052734374zmps -0.22137404580152673 xdps -4.9465648854961835 ydps 0.03816793893129771zdps
0.0 lux 11.234375 °C 12.388823529411766 _C -9.548076220703125 xmps -1.5346832641601562 ymps 1.649604943847656zmps -0.22137404580152673 xdps -4.916030534351145 ydps 0.15267175572519084zdps
0.0 lux 11.234375 °C 12.435882352941178 _C -9.504980590820312 xmps -1.5921441040039062 ymps 1.7214309936523438zmps -0.183206106870229 xdps -4.9465648854961835 ydps 0.12213740458015267zdps
0.0 lux 11.2421875 °C 12.388823529411766 _C -9.572018237304688 xmps -1.5275006591796874 ymps 1.5203180541992187zmps -0.2824427480916031 xdps -4.900763358778626 ydps 0.26717557251908397zdps
0.0 lux 11.2421875 °C 12.388823529411766 _C -9.502586389160156 xmps -1.5610194824218748 ymps 1.5945383056640625zmps -0.15267175572519084 xdps -4.763358778625954 ydps 0.2824427480916031zdps
0.0 lux 11.2421875 °C 12.435882352941178 _C -9.536105212402344 xmps -1.5466542724609373 ymps 1.6448165405273436zmps -0.25190839694656486 xdps -4.824427480916031 ydps 0.29770992366412213zdps
0.0 lux 11.2421875 °C 12.435882352941178 _C -9.562441430664062 xmps -1.5227122558593749 ymps 1.6328455322265625zmps -0.2900763358778626 xdps -4.870229007633588 ydps 0.22137404580152673zdps
0.0 lux 11.2421875 °C 12.435882352941178 _C -9.471461767578125 xmps -1.4532804077148436 ymps 1.9033903198242186zmps -0.16030534351145037 xdps -4.99236641221374 ydps 0.0916030534351145zdps
0.0 lux 11.2421875 °C 12.341764705882355 _C -9.555258825683593 xmps -1.4915876342773438 ymps 1.678335363769531zmps -0.20610687022900764 xdps -5.122137404580153 ydps 0.183206106870229zdps
0.0 lux 11.2421875 °C 12.48294117647059 _C -9.53131680908203 xmps -1.5322890624999999 ymps 1.707065783691406zmps -0.29770992366412213 xdps -4.854961832061068 ydps -0.007633587786259542zdps
0.0 lux 11.2421875 °C 12.435882352941178 _C -9.579200842285156 xmps -1.5418658691406248 ymps 1.7334020019531249zmps -0.17557251908396945 xdps -4.824427480916031 ydps 0.20610687022900764zdps
0.0 lux 11.2421875 °C 12.48294117647059 _C -9.502586389160156 xmps -1.5562310791015623 ymps 1.7190367919921874zmps -0.16793893129770993 xdps -4.8320610687022905 ydps -0.2366412213740458zdps
0.0 lux 11.2421875 °C 12.577058823529413 _C -9.545682019042967 xmps -1.5658078857421873 ymps 1.7022773803710936zmps -0.3435114503816794 xdps -4.786259541984733 ydps 0.3435114503816794zdps
0.0 lux 11.2421875 °C 12.388823529411766 _C -9.552864624023437 xmps -1.5107412475585937 ymps 1.659181750488281zmps -0.19083969465648856 xdps -5.061068702290076 ydps 0.11450381679389313zdps
0.0 lux 11.2421875 °C 12.435882352941178 _C -9.485826977539062 xmps -1.5586252807617187 ymps 1.7645266235351562zmps -0.05343511450381679 xdps -4.969465648854962 ydps 0.12213740458015267zdps
0.0 lux 11.2421875 °C 12.435882352941178 _C -9.483432775878907 xmps -1.5179238525390624 ymps 1.8171990600585937zmps -0.1984732824427481 xdps -4.900763358778626 ydps 0.03816793893129771zdps
0.0 lux 11.2421875 °C 12.388823529411766 _C -9.586383447265625 xmps -1.5729904907226562 ymps 1.675941162109375zmps -0.1450381679389313 xdps -4.748091603053435 ydps 0.16030534351145037zdps
0.0 lux 11.2421875 °C 12.341764705882355 _C -9.524134204101562 xmps -1.5275006591796874 ymps 1.7310078002929687zmps -0.22900763358778625 xdps -4.877862595419847 ydps 0.3053435114503817zdps
0.0 lux 11.2265625 °C 12.435882352941178 _C -9.543287817382812 xmps -1.4987702392578124 ymps 1.7357962036132812zmps -0.2366412213740458 xdps -4.961832061068702 ydps 0.29770992366412213zdps
